Determining if the pthread_create exist failed with the following output:
Change Dir: /home/salih/Documents/realsense-workspace/star/Recorder/Final/CMakeFiles/CMakeTmp

Run Build Command(s):/usr/bin/make cmTC_1ad4e/fast 
/usr/bin/make -f CMakeFiles/cmTC_1ad4e.dir/build.make CMakeFiles/cmTC_1ad4e.dir/build
make[1]: Entering directory '/home/salih/Documents/realsense-workspace/star/Recorder/Final/CMakeFiles/CMakeTmp'
Building C object CMakeFiles/cmTC_1ad4e.dir/CheckSymbolExists.c.o
/usr/bin/cc   -fPIC    -o CMakeFiles/cmTC_1ad4e.dir/CheckSymbolExists.c.o   -c /home/salih/Documents/realsense-workspace/star/Recorder/Final/CMakeFiles/CMakeTmp/CheckSymbolExists.c
Linking C executable cmTC_1ad4e
/home/salih/anaconda3/bin/cmake -E cmake_link_script CMakeFiles/cmTC_1ad4e.dir/link.txt --verbose=1
/usr/bin/cc -fPIC     -rdynamic CMakeFiles/cmTC_1ad4e.dir/CheckSymbolExists.c.o  -o cmTC_1ad4e 
CMakeFiles/cmTC_1ad4e.dir/CheckSymbolExists.c.o: In function `main':
CheckSymbolExists.c:(.text+0x1b): undefined reference to `pthread_create'
collect2: error: ld returned 1 exit status
CMakeFiles/cmTC_1ad4e.dir/build.make:86: recipe for target 'cmTC_1ad4e' failed
make[1]: *** [cmTC_1ad4e] Error 1
make[1]: Leaving directory '/home/salih/Documents/realsense-workspace/star/Recorder/Final/CMakeFiles/CMakeTmp'
Makefile:121: recipe for target 'cmTC_1ad4e/fast' failed
make: *** [cmTC_1ad4e/fast] Error 2

File /home/salih/Documents/realsense-workspace/star/Recorder/Final/CMakeFiles/CMakeTmp/CheckSymbolExists.c:
/* */
#include <pthread.h>

int main(int argc, char** argv)
{
  (void)argv;
#ifndef pthread_create
  return ((int*)(&pthread_create))[argc];
#else
  (void)argc;
  return 0;
#endif
}

Determining if the function pthread_create exists in the pthreads failed with the following output:
Change Dir: /home/salih/Documents/realsense-workspace/star/Recorder/Final/CMakeFiles/CMakeTmp

Run Build Command(s):/usr/bin/make cmTC_4bd34/fast 
/usr/bin/make -f CMakeFiles/cmTC_4bd34.dir/build.make CMakeFiles/cmTC_4bd34.dir/build
make[1]: Entering directory '/home/salih/Documents/realsense-workspace/star/Recorder/Final/CMakeFiles/CMakeTmp'
Building C object CMakeFiles/cmTC_4bd34.dir/CheckFunctionExists.c.o
/usr/bin/cc   -fPIC -DCHECK_FUNCTION_EXISTS=pthread_create   -o CMakeFiles/cmTC_4bd34.dir/CheckFunctionExists.c.o   -c /home/salih/anaconda3/share/cmake-3.14/Modules/CheckFunctionExists.c
Linking C executable cmTC_4bd34
/home/salih/anaconda3/bin/cmake -E cmake_link_script CMakeFiles/cmTC_4bd34.dir/link.txt --verbose=1
/usr/bin/cc -fPIC -DCHECK_FUNCTION_EXISTS=pthread_create    -rdynamic CMakeFiles/cmTC_4bd34.dir/CheckFunctionExists.c.o  -o cmTC_4bd34 -lpthreads 
/usr/bin/ld: cannot find -lpthreads
collect2: error: ld returned 1 exit status
CMakeFiles/cmTC_4bd34.dir/build.make:86: recipe for target 'cmTC_4bd34' failed
make[1]: *** [cmTC_4bd34] Error 1
make[1]: Leaving directory '/home/salih/Documents/realsense-workspace/star/Recorder/Final/CMakeFiles/CMakeTmp'
Makefile:121: recipe for target 'cmTC_4bd34/fast' failed
make: *** [cmTC_4bd34/fast] Error 2


